==1785834== Memcheck, a memory error detector
==1785834== Copyright (C) 2002-2017, and GNU GPL'd, by Julian Seward et al.
==1785834== Using Valgrind-3.18.1-42b08ed5bd-20211015 and LibVEX; rerun with -h for copyright info
==1785834== Command: ./pa2 examples/3.txt outputs/3.dim outputs/3.pck outputs/3_all.dim outputs/3_all.pck
==1785834== Parent PID: 1785833
==1785834== 
--1785834-- 
--1785834-- Valgrind options:
--1785834--    --tool=memcheck
--1785834--    --log-file=memcheck.txt
--1785834--    --leak-check=full
--1785834--    -s
--1785834--    --verbose
--1785834--    --log-file=outputs/3.log
--1785834-- Contents of /proc/version:
--1785834--   Linux version 5.15.0-86-generic (buildd@lcy02-amd64-086) (gcc (Ubuntu 11.4.0-1ubuntu1~22.04) 11.4.0, GNU ld (GNU Binutils for Ubuntu) 2.38) #96-Ubuntu SMP Wed Sep 20 08:23:49 UTC 2023
--1785834-- 
--1785834-- Arch and hwcaps: AMD64, LittleEndian, amd64-cx16-lzcnt-rdtscp-sse3-ssse3-avx-avx2-bmi-f16c-rdrand-rdseed
--1785834-- Page sizes: currently 4096, max supported 4096
--1785834-- Valgrind library directory: /usr/libexec/valgrind
--1785834-- Reading syms from /home/shay/a/reddy89/ECE51220/PA2/pa2
--1785834-- Reading syms from /usr/lib/x86_64-linux-gnu/ld-linux-x86-64.so.2
--1785834--   Considering /usr/lib/debug/.build-id/97/18d3757f00d2366056830aae09698dbd35e32c.debug ..
--1785834--   .. build-id is valid
--1785834-- Reading syms from /usr/libexec/valgrind/memcheck-amd64-linux
--1785834--    object doesn't have a symbol table
--1785834--    object doesn't have a dynamic symbol table
--1785834-- Scheduler: using generic scheduler lock implementation.
--1785834-- Reading suppressions file: /usr/libexec/valgrind/default.supp
==1785834== embedded gdbserver: reading from /tmp/vgdb-pipe-from-vgdb-to-1785834-by-reddy89-on-???
==1785834== embedded gdbserver: writing to   /tmp/vgdb-pipe-to-vgdb-from-1785834-by-reddy89-on-???
==1785834== embedded gdbserver: shared mem   /tmp/vgdb-pipe-shared-mem-vgdb-1785834-by-reddy89-on-???
==1785834== 
==1785834== TO CONTROL THIS PROCESS USING vgdb (which you probably
==1785834== don't want to do, unless you know exactly what you're doing,
==1785834== or are doing some strange experiment):
==1785834==   /usr/bin/vgdb --pid=1785834 ...command...
==1785834== 
==1785834== TO DEBUG THIS PROCESS USING GDB: start GDB like this
==1785834==   /path/to/gdb ./pa2
==1785834== and then give GDB the following command
==1785834==   target remote | /usr/bin/vgdb --pid=1785834
==1785834== --pid is optional if only one valgrind process is running
==1785834== 
--1785834-- REDIR: 0x402aa40 (ld-linux-x86-64.so.2:strlen) redirected to 0x580bcec2 (???)
--1785834-- REDIR: 0x402a810 (ld-linux-x86-64.so.2:index) redirected to 0x580bcedc (???)
--1785834-- Reading syms from /usr/libexec/valgrind/vgpreload_core-amd64-linux.so
--1785834--    object doesn't have a symbol table
--1785834-- Reading syms from /usr/libexec/valgrind/vgpreload_memcheck-amd64-linux.so
--1785834--    object doesn't have a symbol table
==1785834== WARNING: new redirection conflicts with existing -- ignoring it
--1785834--     old: 0x0402aa40 (strlen              ) R-> (0000.0) 0x580bcec2 ???
--1785834--     new: 0x0402aa40 (strlen              ) R-> (2007.0) 0x0484ee30 strlen
--1785834-- REDIR: 0x4027220 (ld-linux-x86-64.so.2:strcmp) redirected to 0x484fcd0 (strcmp)
--1785834-- REDIR: 0x402afa0 (ld-linux-x86-64.so.2:mempcpy) redirected to 0x4853840 (mempcpy)
--1785834-- Reading syms from /usr/lib/x86_64-linux-gnu/libc.so.6
--1785834--   Considering /usr/lib/debug/.build-id/a4/3bfc8428df6623cd498c9c0caeb91aec9be4f9.debug ..
--1785834--   .. build-id is valid
==1785834== WARNING: new redirection conflicts with existing -- ignoring it
--1785834--     old: 0x0492ac60 (memalign            ) R-> (1011.0) 0x0484e080 memalign
--1785834--     new: 0x0492ac60 (memalign            ) R-> (1017.0) 0x0484e050 aligned_alloc
==1785834== WARNING: new redirection conflicts with existing -- ignoring it
--1785834--     old: 0x0492ac60 (memalign            ) R-> (1011.0) 0x0484e080 memalign
--1785834--     new: 0x0492ac60 (memalign            ) R-> (1017.0) 0x0484e020 aligned_alloc
==1785834== WARNING: new redirection conflicts with existing -- ignoring it
--1785834--     old: 0x0492ac60 (memalign            ) R-> (1011.0) 0x0484e080 memalign
--1785834--     new: 0x0492ac60 (memalign            ) R-> (1017.0) 0x0484e050 aligned_alloc
==1785834== WARNING: new redirection conflicts with existing -- ignoring it
--1785834--     old: 0x0492ac60 (memalign            ) R-> (1011.0) 0x0484e080 memalign
--1785834--     new: 0x0492ac60 (memalign            ) R-> (1017.0) 0x0484e020 aligned_alloc
--1785834-- REDIR: 0x492d720 (libc.so.6:strnlen) redirected to 0x483f220 (_vgnU_ifunc_wrapper)
--1785834-- REDIR: 0x492d9e0 (libc.so.6:strpbrk) redirected to 0x483f220 (_vgnU_ifunc_wrapper)
--1785834-- REDIR: 0x492d2e0 (libc.so.6:strcmp) redirected to 0x483f220 (_vgnU_ifunc_wrapper)
--1785834-- REDIR: 0x494bcd0 (libc.so.6:wcsnlen) redirected to 0x483f220 (_vgnU_ifunc_wrapper)
--1785834-- REDIR: 0x492e6d0 (libc.so.6:memset) redirected to 0x483f220 (_vgnU_ifunc_wrapper)
--1785834-- REDIR: 0x494a540 (libc.so.6:wcslen) redirected to 0x483f220 (_vgnU_ifunc_wrapper)
--1785834-- REDIR: 0x492ec10 (libc.so.6:memcpy@@GLIBC_2.14) redirected to 0x483f220 (_vgnU_ifunc_wrapper)
--1785834-- REDIR: 0x494a370 (libc.so.6:wcschr) redirected to 0x483f220 (_vgnU_ifunc_wrapper)
--1785834-- REDIR: 0x492d260 (libc.so.6:index) redirected to 0x483f220 (_vgnU_ifunc_wrapper)
--1785834-- REDIR: 0x492d960 (libc.so.6:rindex) redirected to 0x483f220 (_vgnU_ifunc_wrapper)
--1785834-- REDIR: 0x492e5a0 (libc.so.6:memmove) redirected to 0x483f220 (_vgnU_ifunc_wrapper)
==1785834== Preferring higher priority redirection:
--1785834--     old: 0x04a259c0 (__memcpy_avx_unalign) R-> (2018.0) 0x04850f90 __memcpy_avx_unaligned_erms
--1785834--     new: 0x04a259c0 (__memcpy_avx_unalign) R-> (2018.1) 0x04852880 memmove
--1785834-- REDIR: 0x494a3f0 (libc.so.6:wcscmp) redirected to 0x483f220 (_vgnU_ifunc_wrapper)
--1785834-- REDIR: 0x492e9e0 (libc.so.6:stpncpy) redirected to 0x483f220 (_vgnU_ifunc_wrapper)
--1785834-- REDIR: 0x494a9b0 (libc.so.6:wmemchr) redirected to 0x483f220 (_vgnU_ifunc_wrapper)
--1785834-- REDIR: 0x492d830 (libc.so.6:strncmp) redirected to 0x483f220 (_vgnU_ifunc_wrapper)
--1785834-- REDIR: 0x492ea70 (libc.so.6:strcasecmp) redirected to 0x483f220 (_vgnU_ifunc_wrapper)
--1785834-- REDIR: 0x492d420 (libc.so.6:strcspn) redirected to 0x483f220 (_vgnU_ifunc_wrapper)
--1785834-- REDIR: 0x494a470 (libc.so.6:wcscpy) redirected to 0x483f220 (_vgnU_ifunc_wrapper)
--1785834-- REDIR: 0x492d1d0 (libc.so.6:strcat) redirected to 0x483f220 (_vgnU_ifunc_wrapper)
--1785834-- REDIR: 0x492eb60 (libc.so.6:strncasecmp_l) redirected to 0x483f220 (_vgnU_ifunc_wrapper)
--1785834-- REDIR: 0x492e480 (libc.so.6:bcmp) redirected to 0x483f220 (_vgnU_ifunc_wrapper)
--1785834-- REDIR: 0x4936570 (libc.so.6:memrchr) redirected to 0x483f220 (_vgnU_ifunc_wrapper)
--1785834-- REDIR: 0x4930010 (libc.so.6:strchrnul) redirected to 0x483f220 (_vgnU_ifunc_wrapper)
--1785834-- REDIR: 0x492d390 (libc.so.6:strcpy) redirected to 0x483f220 (_vgnU_ifunc_wrapper)
--1785834-- REDIR: 0x492eb10 (libc.so.6:strcasecmp_l) redirected to 0x483f220 (_vgnU_ifunc_wrapper)
--1785834-- REDIR: 0x492d6a0 (libc.so.6:strlen) redirected to 0x483f220 (_vgnU_ifunc_wrapper)
--1785834-- REDIR: 0x492d8d0 (libc.so.6:strncpy) redirected to 0x483f220 (_vgnU_ifunc_wrapper)
--1785834-- REDIR: 0x492e950 (libc.so.6:stpcpy) redirected to 0x483f220 (_vgnU_ifunc_wrapper)
--1785834-- REDIR: 0x492e3f0 (libc.so.6:memchr) redirected to 0x483f220 (_vgnU_ifunc_wrapper)
--1785834-- REDIR: 0x492db00 (libc.so.6:strspn) redirected to 0x483f220 (_vgnU_ifunc_wrapper)
--1785834-- REDIR: 0x492e7d0 (libc.so.6:mempcpy) redirected to 0x483f220 (_vgnU_ifunc_wrapper)
--1785834-- REDIR: 0x492eac0 (libc.so.6:strncasecmp) redirected to 0x483f220 (_vgnU_ifunc_wrapper)
--1785834-- REDIR: 0x492ff80 (libc.so.6:rawmemchr) redirected to 0x483f220 (_vgnU_ifunc_wrapper)
--1785834-- REDIR: 0x4a22810 (libc.so.6:__strrchr_avx2) redirected to 0x484e810 (rindex)
--1785834-- REDIR: 0x492a0a0 (libc.so.6:malloc) redirected to 0x4848820 (malloc)
--1785834-- REDIR: 0x492dfc0 (libc.so.6:__GI_strstr) redirected to 0x4853ae0 (__strstr_sse2)
--1785834-- REDIR: 0x492a740 (libc.so.6:realloc) redirected to 0x484dc50 (realloc)
--1785834-- REDIR: 0x492a3e0 (libc.so.6:free) redirected to 0x484b210 (free)
--1785834-- REDIR: 0x4a22600 (libc.so.6:__strchrnul_avx2) redirected to 0x4853330 (strchrnul)
--1785834-- REDIR: 0x4a25980 (libc.so.6:__mempcpy_avx_unaligned_erms) redirected to 0x4853440 (mempcpy)
==1785834== 
==1785834== HEAP SUMMARY:
==1785834==     in use at exit: 0 bytes in 0 blocks
==1785834==   total heap usage: 52 allocs, 52 frees, 44,136 bytes allocated
==1785834== 
==1785834== All heap blocks were freed -- no leaks are possible
==1785834== 
==1785834== ERROR SUMMARY: 0 errors from 0 contexts (suppressed: 0 from 0)
